<?xml version="1.0" encoding="UTF-8"?>
<!-- Generated by org.testng.reporters.JUnitXMLReporter -->
<testsuite ignored="0" hostname="DESKTOP-5PDD91V" failures="0" tests="6" name="Default test" time="8.564" errors="0" timestamp="2024-02-09T09:47:39 GMT-08:00">
  <testcase classname="mosafer.Mosafer" name="TestLanguageIsEnglish" time="0.099"/>
  <testcase classname="mosafer.Mosafer" name="CheekCurrencySAR" time="0.114"/>
  <testcase classname="mosafer.Mosafer" name="CheckContactNumber" time="0.074"/>
  <testcase classname="mosafer.Mosafer" name="QetafLogo" time="0.143"/>
  <testcase classname="mosafer.Mosafer" name="CheckIfTheeHotelTabNotSelected" time="0.047"/>
  <testcase classname="mosafer.Mosafer" name="CheckDepatureDateAndReturnDate" time="0.208"/>
</testsuite> <!-- Default test -->
