<?xml version="1.0" encoding="UTF-8"?>
<!-- Generated by org.testng.reporters.JUnitXMLReporter -->
<testsuite ignored="5" hostname="DESKTOP-5PDD91V" failures="0" tests="4" name="Default test" time="17.003" errors="0" timestamp="2024-02-12T14:49:47 EET">
  <testcase classname="mosafer.Mosafer" name="TestLanguageIsEnglish" time="0.046"/>
  <testcase classname="mosafer.Mosafer" name="RandomMethodToChangeTheLanguage" time="0.782"/>
  <testcase classname="mosafer.Mosafer" name="SelectHotel" time="0.736"/>
  <testcase classname="mosafer.Mosafer" name="select" time="3.378"/>
  <testcase classname="mosafer.Mosafer" name="CheekCurrencySAR" time="0.0">
    <ignored/>
  </testcase> <!-- CheekCurrencySAR -->
  <testcase classname="mosafer.Mosafer" name="CheckContactNumber" time="0.0">
    <ignored/>
  </testcase> <!-- CheckContactNumber -->
  <testcase classname="mosafer.Mosafer" name="CheckDepatureDateAndReturnDate" time="0.0">
    <ignored/>
  </testcase> <!-- CheckDepatureDateAndReturnDate -->
  <testcase classname="mosafer.Mosafer" name="QetafLogo" time="0.0">
    <ignored/>
  </testcase> <!-- QetafLogo -->
  <testcase classname="mosafer.Mosafer" name="CheckIfTheeHotelTabNotSelected" time="0.0">
    <ignored/>
  </testcase> <!-- CheckIfTheeHotelTabNotSelected -->
</testsuite> <!-- Default test -->
