<?xml version="1.0" encoding="UTF-8"?>
<testng-results ignored="0" total="6" passed="6" failed="0" skipped="0">
  <reporter-output>
  </reporter-output>
  <suite started-at="2024-02-09T09:47:31 GMT-08:00" name="Default suite" finished-at="2024-02-09T09:47:39 GMT-08:00" duration-ms="8564">
    <groups>
    </groups>
    <test started-at="2024-02-09T09:47:31 GMT-08:00" name="Default test" finished-at="2024-02-09T09:47:39 GMT-08:00" duration-ms="8564">
      <class name="mosafer.Mosafer">
        <test-method is-config="true" signature="MySetUp()[pri:0, instance:mosafer.Mosafer@299321e2]" started-at="2024-02-09T09:47:31 GMT-08:00" name="MySetUp" finished-at="2024-02-09T09:47:38 GMT-08:00" duration-ms="7736" status="PASS">
          <reporter-output>
          </reporter-output>
        </test-method> <!-- MySetUp -->
        <test-method signature="TestLanguageIsEnglish()[pri:1, instance:mosafer.Mosafer@299321e2]" started-at="2024-02-09T09:47:38 GMT-08:00" name="TestLanguageIsEnglish" finished-at="2024-02-09T09:47:39 GMT-08:00" duration-ms="99" status="PASS">
          <reporter-output>
          </reporter-output>
        </test-method> <!-- TestLanguageIsEnglish -->
        <test-method signature="CheekCurrencySAR()[pri:2, instance:mosafer.Mosafer@299321e2]" started-at="2024-02-09T09:47:39 GMT-08:00" name="CheekCurrencySAR" finished-at="2024-02-09T09:47:39 GMT-08:00" duration-ms="114" status="PASS">
          <reporter-output>
          </reporter-output>
        </test-method> <!-- CheekCurrencySAR -->
        <test-method signature="CheckContactNumber()[pri:3, instance:mosafer.Mosafer@299321e2]" started-at="2024-02-09T09:47:39 GMT-08:00" name="CheckContactNumber" finished-at="2024-02-09T09:47:39 GMT-08:00" duration-ms="74" status="PASS">
          <reporter-output>
          </reporter-output>
        </test-method> <!-- CheckContactNumber -->
        <test-method signature="QetafLogo()[pri:4, instance:mosafer.Mosafer@299321e2]" started-at="2024-02-09T09:47:39 GMT-08:00" name="QetafLogo" finished-at="2024-02-09T09:47:39 GMT-08:00" duration-ms="143" status="PASS">
          <reporter-output>
          </reporter-output>
        </test-method> <!-- QetafLogo -->
        <test-method signature="CheckIfTheeHotelTabNotSelected()[pri:5, instance:mosafer.Mosafer@299321e2]" started-at="2024-02-09T09:47:39 GMT-08:00" name="CheckIfTheeHotelTabNotSelected" finished-at="2024-02-09T09:47:39 GMT-08:00" duration-ms="47" status="PASS">
          <reporter-output>
          </reporter-output>
        </test-method> <!-- CheckIfTheeHotelTabNotSelected -->
        <test-method signature="CheckDepatureDateAndReturnDate()[pri:6, instance:mosafer.Mosafer@299321e2]" started-at="2024-02-09T09:47:39 GMT-08:00" name="CheckDepatureDateAndReturnDate" finished-at="2024-02-09T09:47:39 GMT-08:00" duration-ms="208" status="PASS">
          <reporter-output>
          </reporter-output>
        </test-method> <!-- CheckDepatureDateAndReturnDate -->
      </class> <!-- mosafer.Mosafer -->
    </test> <!-- Default test -->
  </suite> <!-- Default suite -->
</testng-results>
